<?xml version="1.0" encoding="UTF-8"?>
<!-- Generated by org.testng.reporters.JUnitReportReporter -->
<testsuite hostname="tm15" name="com.Tm_TestCases.TestCases_Leave" tests="1" failures="0" timestamp="21 Mar 2019 13:16:16 GMT" time="30.432" errors="0">
  <testcase name="TC101_verifyLoginFunctionality" time="30.432" classname="com.Tm_TestCases.TestCases_Leave"/>
</testsuite> <!-- com.Tm_TestCases.TestCases_Leave -->
