<?xml version="1.0" encoding="UTF-8"?>
<!-- Generated by org.testng.reporters.JUnitReportReporter -->
<testsuite hostname="LAPTOP-RKPLL7B3" name="TestNGconcept.TestNGsample" tests="1" failures="0" timestamp="7 May 2019 16:53:34 GMT" time="0.017" errors="0">
  <testcase name="m9" time="0.017" classname="TestNGconcept.TestNGsample"/>
</testsuite> <!-- TestNGconcept.TestNGsample -->
