<?xml version="1.0" encoding="UTF-8"?>
<!-- Generated by org.testng.reporters.JUnitReportReporter -->
<testsuite hostname="LAPTOP-RKPLL7B3" name="Seleniumgrid.Node1" tests="2" failures="0" timestamp="10 May 2019 07:45:24 GMT" time="27.365" errors="0">
  <testcase name="Application2" time="12.212" classname="Seleniumgrid.Node1"/>
  <testcase name="Application1" time="15.153" classname="Seleniumgrid.Node1"/>
</testsuite> <!-- Seleniumgrid.Node1 -->
