<?xml version="1.0" encoding="UTF-8"?>
<!-- Generated by org.testng.reporters.JUnitReportReporter -->
<testsuite hostname="LAPTOP-RKPLL7B3" name="Practice.Robotclass" tests="1" failures="0" timestamp="20 Jun 2019 13:59:38 GMT" time="14.425" errors="0">
  <testcase name="TestRobo" time="14.425" classname="Practice.Robotclass"/>
</testsuite> <!-- Practice.Robotclass -->
