<?xml version="1.0" encoding="UTF-8"?>
<!-- Generated by org.testng.reporters.JUnitReportReporter -->
<testsuite hostname="LAPTOP-RKPLL7B3" name="Practice.TestCases" tests="1" failures="0" timestamp="15 May 2019 15:04:21 GMT" time="15.748" errors="0">
  <testcase name="TC01_Login" time="15.748" classname="Practice.TestCases"/>
</testsuite> <!-- Practice.TestCases -->
