<?xml version="1.0" encoding="UTF-8"?>
<!-- Generated by org.testng.reporters.JUnitReportReporter -->
<testsuite hostname="LAPTOP-RKPLL7B3" name="Practice.Testcase" tests="1" failures="0" timestamp="15 May 2019 13:55:52 GMT" time="10.008" errors="0">
  <testcase name="TC01_login" time="10.008" classname="Practice.Testcase"/>
</testsuite> <!-- Practice.Testcase -->
