<?xml version="1.0" encoding="UTF-8"?>
<!-- Generated by org.testng.reporters.JUnitReportReporter -->
<testsuite hostname="LAPTOP-RKPLL7B3" name="TestNGconcept.TestNGsample2" tests="9" failures="0" timestamp="7 May 2019 17:09:33 GMT" time="0.038" errors="0">
  <testcase name="m4" time="0.003" classname="TestNGconcept.TestNGsample2"/>
  <testcase name="m3" time="0.002" classname="TestNGconcept.TestNGsample2"/>
  <testcase name="m9" time="0.002" classname="TestNGconcept.TestNGsample2"/>
  <testcase name="a" time="0.005" classname="TestNGconcept.TestNGsample2"/>
  <testcase name="m2" time="0.003" classname="TestNGconcept.TestNGsample2"/>
  <testcase name="m1" time="0.016" classname="TestNGconcept.TestNGsample2"/>
  <testcase name="m6" time="0.002" classname="TestNGconcept.TestNGsample2"/>
  <testcase name="m5" time="0.002" classname="TestNGconcept.TestNGsample2"/>
  <testcase name="m7" time="0.003" classname="TestNGconcept.TestNGsample2"/>
</testsuite> <!-- TestNGconcept.TestNGsample2 -->
